<?xml version="1.0" encoding="UTF-8"?>
<robot generator="Robot 5.0.1 (Python 3.7.3rc1 on win32)" generated="20220620 21:58:30.534" rpa="false" schemaversion="3">
<suite id="s1" name="Login" source="E:\testusingloginwithrobot\login.robot">
<test id="s1-t1" name="I login with valid email and valid password" line="11">
<kw name="Open Browser" library="SeleniumLibrary" type="SETUP">
<arg>${base_url}</arg>
<arg>${base_type}</arg>
<doc>Opens a new browser instance to the optional ``url``.</doc>
<msg timestamp="20220620 21:58:30.773" level="INFO">Opening browser 'gc' to base url 'https://pub-eish-dev.keponet.com/frontend/login'.</msg>
<status status="PASS" starttime="20220620 21:58:30.772" endtime="20220620 21:58:35.042"/>
</kw>
<kw name="Maximize Browser Window" library="SeleniumLibrary">
<doc>Maximizes current browser window.</doc>
<status status="PASS" starttime="20220620 21:58:35.043" endtime="20220620 21:58:35.213"/>
</kw>
<kw name="Input Text" library="SeleniumLibrary">
<arg>//input[@id="email"]</arg>
<arg>jenareishsatu@yopmail.com</arg>
<doc>Types the given ``text`` into the text field identified by ``locator``.</doc>
<msg timestamp="20220620 21:58:35.216" level="INFO">Typing text 'jenareishsatu@yopmail.com' into text field '//input[@id="email"]'.</msg>
<status status="PASS" starttime="20220620 21:58:35.214" endtime="20220620 21:58:35.439"/>
</kw>
<kw name="Input Text" library="SeleniumLibrary">
<arg>//input[@id="password"]</arg>
<arg>12345678</arg>
<doc>Types the given ``text`` into the text field identified by ``locator``.</doc>
<msg timestamp="20220620 21:58:35.440" level="INFO">Typing text '12345678' into text field '//input[@id="password"]'.</msg>
<status status="PASS" starttime="20220620 21:58:35.440" endtime="20220620 21:58:35.552"/>
</kw>
<kw name="Click Element" library="SeleniumLibrary">
<arg>//button[@type="submit"]</arg>
<doc>Click the element identified by ``locator``.</doc>
<msg timestamp="20220620 21:58:35.553" level="INFO">Clicking element '//button[@type="submit"]'.</msg>
<status status="PASS" starttime="20220620 21:58:35.553" endtime="20220620 21:58:36.836"/>
</kw>
<kw name="Element Should Be Visible" library="SeleniumLibrary">
<arg>//img[@id="menu-logo"]</arg>
<doc>Verifies that the element identified by ``locator`` is visible.</doc>
<msg timestamp="20220620 21:58:36.867" level="INFO">Element '//img[@id="menu-logo"]' is displayed.</msg>
<status status="PASS" starttime="20220620 21:58:36.837" endtime="20220620 21:58:36.867"/>
</kw>
<kw name="Close Browser" library="SeleniumLibrary" type="TEARDOWN">
<doc>Closes the current browser.</doc>
<status status="PASS" starttime="20220620 21:58:36.868" endtime="20220620 21:58:39.097"/>
</kw>
<status status="PASS" starttime="20220620 21:58:30.771" endtime="20220620 21:58:39.097"/>
</test>
<test id="s1-t2" name="I login with valid email and unvalid password" line="18">
<kw name="Open Browser" library="SeleniumLibrary" type="SETUP">
<arg>${base_url}</arg>
<arg>${base_type}</arg>
<doc>Opens a new browser instance to the optional ``url``.</doc>
<msg timestamp="20220620 21:58:39.100" level="INFO">Opening browser 'gc' to base url 'https://pub-eish-dev.keponet.com/frontend/login'.</msg>
<status status="PASS" starttime="20220620 21:58:39.100" endtime="20220620 21:58:43.652"/>
</kw>
<kw name="Maximize Browser Window" library="SeleniumLibrary">
<doc>Maximizes current browser window.</doc>
<status status="PASS" starttime="20220620 21:58:43.654" endtime="20220620 21:58:43.804"/>
</kw>
<kw name="Input Text" library="SeleniumLibrary">
<arg>//input[@id="email"]</arg>
<arg>jenareishsatu@yopmail.com</arg>
<doc>Types the given ``text`` into the text field identified by ``locator``.</doc>
<msg timestamp="20220620 21:58:43.808" level="INFO">Typing text 'jenareishsatu@yopmail.com' into text field '//input[@id="email"]'.</msg>
<status status="PASS" starttime="20220620 21:58:43.805" endtime="20220620 21:58:43.940"/>
</kw>
<kw name="Input Text" library="SeleniumLibrary">
<arg>//input[@id="password"]</arg>
<arg>1234567801</arg>
<doc>Types the given ``text`` into the text field identified by ``locator``.</doc>
<msg timestamp="20220620 21:58:43.941" level="INFO">Typing text '1234567801' into text field '//input[@id="password"]'.</msg>
<status status="PASS" starttime="20220620 21:58:43.941" endtime="20220620 21:58:44.037"/>
</kw>
<kw name="Click Element" library="SeleniumLibrary">
<arg>//button[@type="submit"]</arg>
<doc>Click the element identified by ``locator``.</doc>
<msg timestamp="20220620 21:58:44.040" level="INFO">Clicking element '//button[@type="submit"]'.</msg>
<status status="PASS" starttime="20220620 21:58:44.039" endtime="20220620 21:58:44.494"/>
</kw>
<kw name="Element Should Be Visible" library="SeleniumLibrary">
<arg>//div[@class="alert alert-danger text-danger"]</arg>
<doc>Verifies that the element identified by ``locator`` is visible.</doc>
<msg timestamp="20220620 21:58:44.532" level="INFO">Element '//div[@class="alert alert-danger text-danger"]' is displayed.</msg>
<status status="PASS" starttime="20220620 21:58:44.497" endtime="20220620 21:58:44.532"/>
</kw>
<kw name="Close Browser" library="SeleniumLibrary" type="TEARDOWN">
<doc>Closes the current browser.</doc>
<status status="PASS" starttime="20220620 21:58:44.533" endtime="20220620 21:58:46.933"/>
</kw>
<status status="PASS" starttime="20220620 21:58:39.099" endtime="20220620 21:58:46.934"/>
</test>
<test id="s1-t3" name="I login with unvalid email and valid password" line="25">
<kw name="Open Browser" library="SeleniumLibrary" type="SETUP">
<arg>${base_url}</arg>
<arg>${base_type}</arg>
<doc>Opens a new browser instance to the optional ``url``.</doc>
<msg timestamp="20220620 21:58:46.937" level="INFO">Opening browser 'gc' to base url 'https://pub-eish-dev.keponet.com/frontend/login'.</msg>
<status status="PASS" starttime="20220620 21:58:46.937" endtime="20220620 21:58:51.183"/>
</kw>
<kw name="Maximize Browser Window" library="SeleniumLibrary">
<doc>Maximizes current browser window.</doc>
<status status="PASS" starttime="20220620 21:58:51.184" endtime="20220620 21:58:51.357"/>
</kw>
<kw name="Input Text" library="SeleniumLibrary">
<arg>//input[@id="email"]</arg>
<arg>fadhil@yopmail.com</arg>
<doc>Types the given ``text`` into the text field identified by ``locator``.</doc>
<msg timestamp="20220620 21:58:51.362" level="INFO">Typing text 'fadhil@yopmail.com' into text field '//input[@id="email"]'.</msg>
<status status="PASS" starttime="20220620 21:58:51.361" endtime="20220620 21:58:51.547"/>
</kw>
<kw name="Input Text" library="SeleniumLibrary">
<arg>//input[@id="password"]</arg>
<arg>12345678</arg>
<doc>Types the given ``text`` into the text field identified by ``locator``.</doc>
<msg timestamp="20220620 21:58:51.549" level="INFO">Typing text '12345678' into text field '//input[@id="password"]'.</msg>
<status status="PASS" starttime="20220620 21:58:51.548" endtime="20220620 21:58:51.655"/>
</kw>
<kw name="Click Element" library="SeleniumLibrary">
<arg>//button[@type="submit"]</arg>
<doc>Click the element identified by ``locator``.</doc>
<msg timestamp="20220620 21:58:51.656" level="INFO">Clicking element '//button[@type="submit"]'.</msg>
<status status="PASS" starttime="20220620 21:58:51.656" endtime="20220620 21:58:51.958"/>
</kw>
<kw name="Element Should Be Visible" library="SeleniumLibrary">
<arg>//img[@id="main-logo"]</arg>
<doc>Verifies that the element identified by ``locator`` is visible.</doc>
<msg timestamp="20220620 21:58:51.990" level="INFO">Element '//img[@id="main-logo"]' is displayed.</msg>
<status status="PASS" starttime="20220620 21:58:51.959" endtime="20220620 21:58:51.991"/>
</kw>
<kw name="Close Browser" library="SeleniumLibrary" type="TEARDOWN">
<doc>Closes the current browser.</doc>
<status status="PASS" starttime="20220620 21:58:51.991" endtime="20220620 21:58:54.287"/>
</kw>
<status status="PASS" starttime="20220620 21:58:46.936" endtime="20220620 21:58:54.288"/>
</test>
<status status="PASS" starttime="20220620 21:58:30.535" endtime="20220620 21:58:54.289"/>
</suite>
<statistics>
<total>
<stat pass="3" fail="0" skip="0">All Tests</stat>
</total>
<tag>
</tag>
<suite>
<stat pass="3" fail="0" skip="0" id="s1" name="Login">Login</stat>
</suite>
</statistics>
<errors>
</errors>
</robot>
